0 info it worked if it ends with ok
1 verbose cli [ '/Users/gnorwood/.nvm/versions/node/v6.9.4/bin/node',
1 verbose cli   '/Users/gnorwood/.nvm/versions/node/v6.9.4/bin/npm',
1 verbose cli   'run',
1 verbose cli   'test' ]
2 info using npm@3.10.10
3 info using node@v6.9.4
4 verbose run-script [ 'pretest', 'test', 'posttest' ]
5 info lifecycle react-toggle@4.0.1~pretest: react-toggle@4.0.1
6 silly lifecycle react-toggle@4.0.1~pretest: no script for pretest, continuing
7 info lifecycle react-toggle@4.0.1~test: react-toggle@4.0.1
8 verbose lifecycle react-toggle@4.0.1~test: unsafe-perm in lifecycle true
9 verbose lifecycle react-toggle@4.0.1~test: PATH: /Users/gnorwood/.nvm/versions/node/v6.9.4/lib/node_modules/npm/bin/node-gyp-bin:/Users/gnorwood/dev/github/grantnorwood/interview-react-toggle/node_modules/.bin:/Users/gnorwood/.nvm/versions/node/v6.9.4/bin:/Users/gnorwood/.yarn/bin:/usr/local/bin:/usr/bin:/bin:/usr/sbin:/sbin:/Users/gnorwood/dev/github/ha-tools/birdhouse/bin:/Users/gnorwood/dev/github/ha-tools/birdhouse/lib:/Users/gnorwood/.birdhouse/flocks/birdhouse-apps/birds/docker/bin:/Users/gnorwood/.birdhouse/flocks/birdhouse-core/birds/certs/bin:/usr/libexec:/Users/gnorwood/.birdhouse/flocks/birdhouse-core/birds/dev-profile/bin:/usr/libexec:/Users/gnorwood/.birdhouse/flocks/birdhouse-core/birds/git-config/bin:/Users/gnorwood/.birdhouse/flocks/birdhouse-core/birds/roost/bin:/usr/local/bin
10 verbose lifecycle react-toggle@4.0.1~test: CWD: /Users/gnorwood/dev/github/grantnorwood/interview-react-toggle
11 silly lifecycle react-toggle@4.0.1~test: Args: [ '-c',
11 silly lifecycle   'nyc mocha --require babel-register --require spec/setup.js spec/**/*.spec.js' ]
12 silly lifecycle react-toggle@4.0.1~test: Returned: code: 2  signal: null
13 info lifecycle react-toggle@4.0.1~test: Failed to exec test script
14 verbose stack Error: react-toggle@4.0.1 test: `nyc mocha --require babel-register --require spec/setup.js spec/**/*.spec.js`
14 verbose stack Exit status 2
14 verbose stack     at EventEmitter.<anonymous> (/Users/gnorwood/.nvm/versions/node/v6.9.4/lib/node_modules/npm/lib/utils/lifecycle.js:255:16)
14 verbose stack     at emitTwo (events.js:106:13)
14 verbose stack     at EventEmitter.emit (events.js:191:7)
14 verbose stack     at ChildProcess.<anonymous> (/Users/gnorwood/.nvm/versions/node/v6.9.4/lib/node_modules/npm/lib/utils/spawn.js:40:14)
14 verbose stack     at emitTwo (events.js:106:13)
14 verbose stack     at ChildProcess.emit (events.js:191:7)
14 verbose stack     at maybeClose (internal/child_process.js:877:16)
14 verbose stack     at Process.ChildProcess._handle.onexit (internal/child_process.js:226:5)
15 verbose pkgid react-toggle@4.0.1
16 verbose cwd /Users/gnorwood/dev/github/grantnorwood/interview-react-toggle
17 error Darwin 16.7.0
18 error argv "/Users/gnorwood/.nvm/versions/node/v6.9.4/bin/node" "/Users/gnorwood/.nvm/versions/node/v6.9.4/bin/npm" "run" "test"
19 error node v6.9.4
20 error npm  v3.10.10
21 error code ELIFECYCLE
22 error react-toggle@4.0.1 test: `nyc mocha --require babel-register --require spec/setup.js spec/**/*.spec.js`
22 error Exit status 2
23 error Failed at the react-toggle@4.0.1 test script 'nyc mocha --require babel-register --require spec/setup.js spec/**/*.spec.js'.
23 error Make sure you have the latest version of node.js and npm installed.
23 error If you do, this is most likely a problem with the react-toggle package,
23 error not with npm itself.
23 error Tell the author that this fails on your system:
23 error     nyc mocha --require babel-register --require spec/setup.js spec/**/*.spec.js
23 error You can get information on how to open an issue for this project with:
23 error     npm bugs react-toggle
23 error Or if that isn't available, you can get their info via:
23 error     npm owner ls react-toggle
23 error There is likely additional logging output above.
24 verbose exit [ 1, true ]
